<?xml version="1.0" encoding="UTF-8"?>
<!-- Generated by org.testng.reporters.JUnitReportReporter -->
<testsuite hostname="DESKTOP-93BU8KH" failures="0" tests="1" name="testCases.RegistrationTest" time="32.607" errors="0" timestamp="2020-03-25T12:51:02 GMT" skipped="0">
  <testcase classname="testCases.RegistrationTest" name="RegistrationSuccessTest" time="32.607"/>
  <system-out/>
</testsuite> <!-- testCases.RegistrationTest -->
