<?xml version="1.0" encoding="UTF-8"?>
<!-- Generated by org.testng.reporters.JUnitReportReporter -->
<testsuite hostname="DESKTOP-93BU8KH" failures="0" tests="1" name="testCases.LogoutTest" time="33.567" errors="0" timestamp="2020-03-25T10:10:21 GMT" skipped="0">
  <testcase classname="testCases.LogoutTest" name="LogoutSuccessTest" time="33.567"/>
  <system-out/>
</testsuite> <!-- testCases.LogoutTest -->
