<?xml version="1.0" encoding="UTF-8"?>
<!-- Generated by org.testng.reporters.JUnitReportReporter -->
<testsuite hostname="DESKTOP-93BU8KH" failures="0" tests="1" name="testCases.LoginTest" time="22.072" errors="0" timestamp="2020-03-25T10:27:05 GMT" skipped="0">
  <testcase classname="testCases.LoginTest" name="LoginSuccessTest" time="22.072"/>
  <system-out/>
</testsuite> <!-- testCases.LoginTest -->
